0,51539607557,0.036648
0,47244640261,0.029928
0,42949672965,0.0297661
0,38654705669,0.0327051
0,34359738373,0.03896
0,30064771077,0.032742
0,25769803781,0.0384471
0,21474836485,0.040416
0,17179869189,0.031333
0,12884901893,0.025635
0,8589934597,0.030843
0,4294967301,0.0253749
1,51539607557,0.0360701
1,47244640261,0.0406311
1,42949672965,0.0340779
1,38654705669,0.0332222
1,34359738373,0.032784
1,30064771077,0.032326
1,25769803781,0.028388
1,21474836485,0.037221
1,17179869189,0.0305939
1,12884901893,0.032891
1,8589934597,0.03442
1,4294967301,0.030556
2,51539607557,0.0334311
2,47244640261,0.035419
2,42949672965,0.0289819
2,38654705669,0.0285211
2,34359738373,0.032372
2,30064771077,0.02668
2,25769803781,0.0274861
2,21474836485,0.0332131
2,17179869189,0.034832
2,12884901893,0.0395241
2,8589934597,0.0329971
2,4294967301,0.032104
3,51539607557,0.035006
3,47244640261,0.037324
3,42949672965,0.0391769
3,38654705669,0.0264549
3,34359738373,0.0292032
3,30064771077,0.031054
3,25769803781,0.0282769
3,21474836485,0.0328779
3,17179869189,0.030333
3,12884901893,0.0390029
3,8589934597,0.0357339
3,4294967301,0.0386319
4,51539607557,0.0332792
4,47244640261,0.03334
4,42949672965,0.0444329
4,38654705669,0.0385609
4,34359738373,0.034946
4,30064771077,0.0325799
4,25769803781,0.0424979
4,21474836485,0.0320899
4,17179869189,0.0302751
4,12884901893,0.0312538
4,8589934597,0.0361722
4,4294967301,0.045572
5,51539607557,0.030499
5,47244640261,0.0330701
5,42949672965,0.0462339
5,38654705669,0.038115
5,34359738373,0.029145
5,30064771077,0.030565
5,25769803781,0.0420911
5,21474836485,0.0338521
5,17179869189,0.034462
5,12884901893,0.040504
5,8589934597,0.043551
5,4294967301,0.043498
6,51539607557,0.0291171
6,47244640261,0.0291579
6,42949672965,0.0349541
6,38654705669,0.02915
6,34359738373,0.038574
6,30064771077,0.0415819
6,25769803781,0.03737
6,21474836485,0.044441
6,17179869189,0.03771
6,12884901893,0.0400269
6,8589934597,0.0326672
6,4294967301,0.0381989
7,51539607557,0.045366
7,47244640261,0.0341709
7,42949672965,0.0319471
7,38654705669,0.030283
7,34359738373,0.0291741
7,30064771077,0.0345659
7,25769803781,0.0400739
7,21474836485,0.0334039
7,17179869189,0.0327299
7,12884901893,0.032629
7,8589934597,0.0334251
7,4294967301,0.036694
8,51539607557,0.0374801
8,47244640261,0.041939
8,42949672965,0.032824
8,38654705669,0.0301299
8,34359738373,0.030134
8,30064771077,0.032959
8,25769803781,0.0309141
8,21474836485,0.0334642
8,17179869189,0.0375359
8,12884901893,0.038166
8,8589934597,0.0380452
8,4294967301,0.039037
9,51539607557,0.0400939
9,47244640261,0.0346231
9,42949672965,0.0381351
9,38654705669,0.032516
9,34359738373,0.0345449
9,30064771077,0.032043
9,25769803781,0.0300939
9,21474836485,0.0346551
9,17179869189,0.03813
9,12884901893,0.0412748
9,8589934597,0.031821
9,4294967301,0.0363901
10,51539607557,0.0333581
10,47244640261,0.0302889
10,42949672965,0.033066
10,38654705669,0.0338049
10,34359738373,0.0381451
10,30064771077,0.0363791
10,25769803781,0.0323551
10,21474836485,0.0460999
10,17179869189,0.0423079
10,12884901893,0.0376899
10,8589934597,0.0477679
10,4294967301,0.0491872
11,51539607557,0.031765
11,47244640261,0.03245
11,42949672965,0.0354948
11,38654705669,0.031409
11,34359738373,0.038805
11,30064771077,0.0387881
11,25769803781,0.036
11,21474836485,0.037493
11,17179869189,0.0384731
11,12884901893,0.0399539
11,8589934597,0.043488
11,4294967301,0.043232
12,51539607557,0.0391591
12,47244640261,0.035774
12,42949672965,0.042259
12,38654705669,0.0369241
12,34359738373,0.041146
12,30064771077,0.043963
12,25769803781,0.0422618
12,21474836485,0.0390549
12,17179869189,0.0371501
12,12884901893,0.0362191
12,8589934597,0.0400062
12,4294967301,0.0393929
13,51539607557,0.038522
13,47244640261,0.0375531
13,42949672965,0.0359311
13,38654705669,0.042387
13,34359738373,0.0339768
13,30064771077,0.0392849
13,25769803781,0.0404181
13,21474836485,0.0370259
13,17179869189,0.0336421
13,12884901893,0.03879
13,8589934597,0.0397241
13,4294967301,0.0396779
14,51539607557,0.036989
14,47244640261,0.0364771
14,42949672965,0.0352468
14,38654705669,0.034524
14,34359738373,0.0335391
14,30064771077,0.0342231
14,25769803781,0.0366371
14,21474836485,0.0386889
14,17179869189,0.0349028
14,12884901893,0.0380771
14,8589934597,0.0346711
14,4294967301,0.038784
