0,51539607559,0.036448
0,47244640263,0.0298901
0,42949672967,0.034951
0,38654705671,0.0339119
0,34359738375,0.0405362
0,30064771079,0.0319381
0,25769803783,0.0360899
0,21474836487,0.0306568
0,17179869191,0.0302041
0,12884901895,0.030123
0,8589934599,0.0291369
0,4294967303,0.0294149
1,51539607559,0.029654
1,47244640263,0.032095
1,42949672967,0.036279
1,38654705671,0.0312829
1,34359738375,0.0365689
1,30064771079,0.0329571
1,25769803783,0.0266581
1,21474836487,0.03496
1,17179869191,0.035264
1,12884901895,0.02876
1,8589934599,0.0339279
1,4294967303,0.040298
2,51539607559,0.0327599
2,47244640263,0.038991
2,42949672967,0.03703
2,38654705671,0.0329139
2,34359738375,0.0302761
2,30064771079,0.0286481
2,25769803783,0.0270319
2,21474836487,0.0298431
2,17179869191,0.040117
2,12884901895,0.0415311
2,8589934599,0.0376339
2,4294967303,0.040215
3,51539607559,0.029644
3,47244640263,0.0379021
3,42949672967,0.0331891
3,38654705671,0.0266669
3,34359738375,0.026855
3,30064771079,0.0334549
3,25769803783,0.0352941
3,21474836487,0.0344172
3,17179869191,0.0310671
3,12884901895,0.0404499
3,8589934599,0.044651
3,4294967303,0.0299649
4,51539607559,0.032274
4,47244640263,0.032501
4,42949672967,0.0325119
4,38654705671,0.0321701
4,34359738375,0.0351751
4,30064771079,0.0391219
4,25769803783,0.0282321
4,21474836487,0.0348141
4,17179869191,0.0380931
4,12884901895,0.0405169
4,8589934599,0.041049
4,4294967303,0.0348251
5,51539607559,0.0318201
5,47244640263,0.037493
5,42949672967,0.036166
5,38654705671,0.035244
5,34359738375,0.0321639
5,30064771079,0.042681
5,25769803783,0.0401161
5,21474836487,0.0434411
5,17179869191,0.0338039
5,12884901895,0.0383339
5,8589934599,0.0359631
5,4294967303,0.038841
6,51539607559,0.0317981
6,47244640263,0.0345359
6,42949672967,0.0356929
6,38654705671,0.035182
6,34359738375,0.0301311
6,30064771079,0.033618
6,25769803783,0.0313778
6,21474836487,0.030478
6,17179869191,0.036418
6,12884901895,0.0341129
6,8589934599,0.0318751
6,4294967303,0.031405
7,51539607559,0.0319369
7,47244640263,0.0340219
7,42949672967,0.0294402
7,38654705671,0.032407
7,34359738375,0.0366919
7,30064771079,0.0403271
7,25769803783,0.0347049
7,21474836487,0.0396142
7,17179869191,0.0347259
7,12884901895,0.038336
7,8589934599,0.0390959
7,4294967303,0.036561
8,51539607559,0.0334699
8,47244640263,0.033289
8,42949672967,0.0421679
8,38654705671,0.031692
8,34359738375,0.0344441
8,30064771079,0.0326719
8,25769803783,0.039854
8,21474836487,0.032336
8,17179869191,0.039808
8,12884901895,0.0376849
8,8589934599,0.04619
8,4294967303,0.0432041
9,51539607559,0.0356779
9,47244640263,0.0362859
9,42949672967,0.0328572
9,38654705671,0.034574
9,34359738375,0.0349021
9,30064771079,0.0353749
9,25769803783,0.0379021
9,21474836487,0.034709
9,17179869191,0.0338268
9,12884901895,0.0424631
9,8589934599,0.0358899
9,4294967303,0.036509
10,51539607559,0.0351312
10,47244640263,0.037966
10,42949672967,0.0423589
10,38654705671,0.0402179
10,34359738375,0.0325851
10,30064771079,0.0371549
10,25769803783,0.03338
10,21474836487,0.0326991
10,17179869191,0.0324662
10,12884901895,0.034435
10,8589934599,0.034225
10,4294967303,0.0341551
11,51539607559,0.044951
11,47244640263,0.0414782
11,42949672967,0.0384109
11,38654705671,0.045048
11,34359738375,0.0338678
11,30064771079,0.0396738
11,25769803783,0.0400751
11,21474836487,0.0389149
11,17179869191,0.0314028
11,12884901895,0.0357449
11,8589934599,0.0446498
11,4294967303,0.0492101
12,51539607559,0.036272
12,47244640263,0.035794
12,42949672967,0.0400782
12,38654705671,0.040858
12,34359738375,0.0365219
12,30064771079,0.0372739
12,25769803783,0.036922
12,21474836487,0.042712
12,17179869191,0.034528
12,12884901895,0.0443668
12,8589934599,0.034565
12,4294967303,0.037184
13,51539607559,0.0339351
13,47244640263,0.035367
13,42949672967,0.0403512
13,38654705671,0.03701
13,34359738375,0.037384
13,30064771079,0.0391748
13,25769803783,0.0383079
13,21474836487,0.0388782
13,17179869191,0.03913
13,12884901895,0.0395188
13,8589934599,0.0364721
13,4294967303,0.03737
14,51539607559,0.031132
14,47244640263,0.0343728
14,42949672967,0.0371809
14,38654705671,0.0361741
14,34359738375,0.0434761
14,30064771079,0.0310991
14,25769803783,0.034632
14,21474836487,0.0339081
14,17179869191,0.0404689
14,12884901895,0.0368991
14,8589934599,0.0489609
14,4294967303,0.040601
