0,55834574851,0.000267029
0,51539607555,0.000273943
0,47244640259,0.028301
0,42949672963,0.0302219
0,38654705667,0.0310729
0,34359738371,0.024087
0,30064771075,0.0315671
0,25769803779,0.0299151
0,21474836483,0.0354939
0,17179869187,0.038075
0,12884901891,0.0367939
0,8589934595,0.029017
0,4294967299,0.0358069
1,55834574851,0.00031209
1,51539607555,0.000264883
1,47244640259,0.0333731
1,42949672963,0.0358391
1,38654705667,0.039634
1,34359738371,0.0344942
1,30064771075,0.031796
1,25769803779,0.035275
1,21474836483,0.031673
1,17179869187,0.0340581
1,12884901891,0.034133
1,8589934595,0.0350189
1,4294967299,0.034281
2,55834574851,0.000303984
2,51539607555,0.000294924
2,47244640259,0.03282
2,42949672963,0.026926
2,38654705667,0.031368
2,34359738371,0.042371
2,30064771075,0.0345552
2,25769803779,0.030082
2,21474836483,0.033433
2,17179869187,0.036772
2,12884901891,0.041218
2,8589934595,0.0385091
2,4294967299,0.0400641
3,55834574851,0.00031805
3,51539607555,0.000293016
3,47244640259,0.029593
3,42949672963,0.032465
3,38654705667,0.034163
3,34359738371,0.0421469
3,30064771075,0.034868
3,25769803779,0.0300939
3,21474836483,0.0312061
3,17179869187,0.0347421
3,12884901891,0.035115
3,8589934595,0.042557
3,4294967299,0.0343359
4,55834574851,0.000507116
4,51539607555,0.000479937
4,47244640259,0.036099
4,42949672963,0.030597
4,38654705667,0.0327539
4,34359738371,0.0343058
4,30064771075,0.0366759
4,25769803779,0.0420871
4,21474836483,0.0349889
4,17179869187,0.032536
4,12884901891,0.0311279
4,8589934595,0.0342669
4,4294967299,0.0418139
5,55834574851,0.000320911
5,51539607555,0.00029397
5,47244640259,0.0440059
5,42949672963,0.041342
5,38654705667,0.0332222
5,34359738371,0.0308909
5,30064771075,0.032882
5,25769803779,0.035557
5,21474836483,0.031033
5,17179869187,0.0320139
5,12884901891,0.0349638
5,8589934595,0.0368068
5,4294967299,0.043236
6,55834574851,0.000370979
6,51539607555,0.000336885
6,47244640259,0.0323069
6,42949672963,0.033006
6,38654705667,0.0335369
6,34359738371,0.0422661
6,30064771075,0.032738
6,25769803779,0.029104
6,21474836483,0.0294271
6,17179869187,0.0367801
6,12884901891,0.0423472
6,8589934595,0.0333419
6,4294967299,0.0396719
7,55834574851,0.00031805
7,51539607555,0.00029397
7,47244640259,0.0324559
7,42949672963,0.0297801
7,38654705667,0.0329139
7,34359738371,0.0293241
7,30064771075,0.029139
7,25769803779,0.033679
7,21474836483,0.0403569
7,17179869187,0.037143
7,12884901891,0.0404069
7,8589934595,0.0427349
7,4294967299,0.0420399
8,55834574851,0.000328064
8,51539607555,0.00030303
8,47244640259,0.0329111
8,42949672963,0.0302081
8,38654705667,0.0414591
8,34359738371,0.030102
8,30064771075,0.041415
8,25769803779,0.0421288
8,21474836483,0.0332391
8,17179869187,0.034591
8,12884901891,0.036803
8,8589934595,0.040251
8,4294967299,0.035924
9,55834574851,0.000370026
9,51539607555,0.000349045
9,47244640259,0.0376859
9,42949672963,0.0319822
9,38654705667,0.038615
9,34359738371,0.034204
9,30064771075,0.036828
9,25769803779,0.0457232
9,21474836483,0.042691
9,17179869187,0.0342679
9,12884901891,0.0404658
9,8589934595,0.048851
9,4294967299,0.0443561
10,55834574851,0.000521898
10,51539607555,0.000494957
10,47244640259,0.038322
10,42949672963,0.0432839
10,38654705667,0.0395091
10,34359738371,0.043292
10,30064771075,0.032496
10,25769803779,0.036118
10,21474836483,0.0319149
10,17179869187,0.0350959
10,12884901891,0.035321
10,8589934595,0.031903
10,4294967299,0.0374489
11,55834574851,0.000349045
11,51539607555,0.000324011
11,47244640259,0.0436082
11,42949672963,0.048008
11,38654705667,0.0360639
11,34359738371,0.0408571
11,30064771075,0.0386829
11,25769803779,0.032768
11,21474836483,0.042088
11,17179869187,0.0338399
11,12884901891,0.041955
11,8589934595,0.0363338
11,4294967299,0.0302541
12,55834574851,0.000339985
12,51539607555,0.000312805
12,47244640259,0.0347979
12,42949672963,0.0370979
12,38654705667,0.041451
12,34359738371,0.043503
12,30064771075,0.048028
12,25769803779,0.042613
12,21474836483,0.0397751
12,17179869187,0.0384459
12,12884901891,0.0423319
12,8589934595,0.039659
12,4294967299,0.036947
13,55834574851,0.000339031
13,51539607555,0.000316858
13,47244640259,0.0393879
13,42949672963,0.0375512
13,38654705667,0.036675
13,34359738371,0.041749
13,30064771075,0.0369
13,25769803779,0.0347559
13,21474836483,0.0369649
13,17179869187,0.0352371
13,12884901891,0.0364759
13,8589934595,0.04617
13,4294967299,0.035419
14,55834574851,0.000541925
14,51539607555,0.000512123
14,47244640259,0.0352321
14,42949672963,0.0410781
14,38654705667,0.032042
14,34359738371,0.035965
14,30064771075,0.0346332
14,25769803779,0.04653
14,21474836483,0.0313749
14,17179869187,0.0463572
14,12884901891,0.0376079
14,8589934595,0.0425339
14,4294967299,0.0395839
